[0m11:18:25.533820 [debug] [MainThread]: Sending event: {'category': 'dbt', 'action': 'invocation', 'label': 'start', 'context': [<snowplow_tracker.self_describing_json.SelfDescribingJson object at 0x7f563815a3c0>, <snowplow_tracker.self_describing_json.SelfDescribingJson object at 0x7f56382e78c0>, <snowplow_tracker.self_describing_json.SelfDescribingJson object at 0x7f56382e7800>]}


============================== 11:18:25.541477 | 1ad6b005-30f8-42af-995c-455448cb5d9c ==============================
[0m11:18:25.541477 [info ] [MainThread]: Running with dbt=1.9.4
[0m11:18:25.541973 [debug] [MainThread]: running dbt with arguments {'printer_width': '80', 'indirect_selection': 'eager', 'write_json': 'True', 'log_cache_events': 'False', 'partial_parse': 'True', 'cache_selected_only': 'False', 'warn_error': 'None', 'version_check': 'True', 'debug': 'False', 'log_path': 'pipelines/logs', 'profiles_dir': 'pipelines', 'fail_fast': 'False', 'use_colors': 'True', 'use_experimental_parser': 'False', 'empty': 'False', 'quiet': 'False', 'no_print': 'None', 'log_format': 'default', 'introspect': 'True', 'invocation_command': 'dbt compile --project-dir pipelines --profiles-dir pipelines --target duckdb', 'warn_error_options': 'WarnErrorOptions(include=[], exclude=[])', 'target_path': 'None', 'static_parser': 'True', 'send_anonymous_usage_stats': 'True'}
[0m11:18:25.543950 [error] [MainThread]: Encountered an error:
Runtime Error
  
  dbt encountered an error while trying to read your profiles.yml file.
  
  The profiles.yml file at pipelines/profiles.yml is empty
  
[0m11:18:25.545682 [debug] [MainThread]: Resource report: {"command_name": "compile", "command_success": false, "command_wall_clock_time": 0.016687823, "process_in_blocks": "8608", "process_kernel_time": 0.23603, "process_mem_max_rss": "94428", "process_out_blocks": "2392", "process_user_time": 1.268665}
[0m11:18:25.546076 [debug] [MainThread]: Command `dbt compile` failed at 11:18:25.545991 after 0.02 seconds
[0m11:18:25.546450 [debug] [MainThread]: Sending event: {'category': 'dbt', 'action': 'invocation', 'label': 'end', 'context': [<snowplow_tracker.self_describing_json.SelfDescribingJson object at 0x7f5638145880>, <snowplow_tracker.self_describing_json.SelfDescribingJson object at 0x7f563818e480>, <snowplow_tracker.self_describing_json.SelfDescribingJson object at 0x7f56380bf4a0>]}
[0m11:18:25.546797 [debug] [MainThread]: Flushing usage events
[0m11:18:27.144267 [debug] [MainThread]: An error was encountered while trying to flush usage events
[0m11:19:07.689928 [debug] [MainThread]: Sending event: {'category': 'dbt', 'action': 'invocation', 'label': 'start', 'context': [<snowplow_tracker.self_describing_json.SelfDescribingJson object at 0x7ffb6261e0c0>, <snowplow_tracker.self_describing_json.SelfDescribingJson object at 0x7ffb62529670>, <snowplow_tracker.self_describing_json.SelfDescribingJson object at 0x7ffb62dea9c0>]}


============================== 11:19:07.692899 | c373f452-495f-414e-8d63-0488c4e3aaa9 ==============================
[0m11:19:07.692899 [info ] [MainThread]: Running with dbt=1.9.4
[0m11:19:07.693375 [debug] [MainThread]: running dbt with arguments {'printer_width': '80', 'indirect_selection': 'eager', 'log_cache_events': 'False', 'write_json': 'True', 'partial_parse': 'True', 'cache_selected_only': 'False', 'warn_error': 'None', 'fail_fast': 'False', 'profiles_dir': 'pipelines', 'log_path': 'pipelines/logs', 'debug': 'False', 'version_check': 'True', 'use_colors': 'True', 'use_experimental_parser': 'False', 'empty': 'False', 'quiet': 'False', 'no_print': 'None', 'warn_error_options': 'WarnErrorOptions(include=[], exclude=[])', 'invocation_command': 'dbt compile --project-dir pipelines --profiles-dir pipelines --target duckdb', 'static_parser': 'True', 'log_format': 'default', 'target_path': 'None', 'introspect': 'True', 'send_anonymous_usage_stats': 'True'}
[0m11:19:07.926515 [debug] [MainThread]: Sending event: {'category': 'dbt', 'action': 'project_id', 'label': 'c373f452-495f-414e-8d63-0488c4e3aaa9', 'context': [<snowplow_tracker.self_describing_json.SelfDescribingJson object at 0x7ffb62cca1b0>]}
[0m11:19:07.976803 [debug] [MainThread]: Sending event: {'category': 'dbt', 'action': 'adapter_info', 'label': 'c373f452-495f-414e-8d63-0488c4e3aaa9', 'context': [<snowplow_tracker.self_describing_json.SelfDescribingJson object at 0x7ffb63d98560>]}
[0m11:19:07.980622 [info ] [MainThread]: Registered adapter: duckdb=1.9.3
[0m11:19:08.041015 [debug] [MainThread]: checksum: fab75582447898b67bf997c4a3f76de0dc9188a93d2bc94a7001d661abb02057, vars: {}, profile: , target: duckdb, version: 1.9.4
[0m11:19:08.041587 [info ] [MainThread]: Unable to do partial parsing because saved manifest not found. Starting full parse.
[0m11:19:08.041884 [debug] [MainThread]: Sending event: {'category': 'dbt', 'action': 'partial_parser', 'label': 'c373f452-495f-414e-8d63-0488c4e3aaa9', 'context': [<snowplow_tracker.self_describing_json.SelfDescribingJson object at 0x7ffb6223f8f0>]}
[0m11:19:08.676758 [debug] [MainThread]: Sending event: {'category': 'dbt', 'action': 'load_project', 'label': 'c373f452-495f-414e-8d63-0488c4e3aaa9', 'context': [<snowplow_tracker.self_describing_json.SelfDescribingJson object at 0x7ffb6219b200>]}
[0m11:19:08.707517 [debug] [MainThread]: Wrote artifact WritableManifest to pipelines/target/manifest.json
[0m11:19:08.709916 [debug] [MainThread]: Wrote artifact SemanticManifest to pipelines/target/semantic_manifest.json
[0m11:19:08.735469 [debug] [MainThread]: Sending event: {'category': 'dbt', 'action': 'resource_counts', 'label': 'c373f452-495f-414e-8d63-0488c4e3aaa9', 'context': [<snowplow_tracker.self_describing_json.SelfDescribingJson object at 0x7ffb5e03ef60>]}
[0m11:19:08.735892 [info ] [MainThread]: Found 428 macros
[0m11:19:08.736423 [debug] [MainThread]: Sending event: {'category': 'dbt', 'action': 'runnable_timing', 'label': 'c373f452-495f-414e-8d63-0488c4e3aaa9', 'context': [<snowplow_tracker.self_describing_json.SelfDescribingJson object at 0x7ffb5e1b8e30>]}
[0m11:19:08.737468 [warn ] [MainThread]: Nothing to do. Try checking your model configs and model specification args
[0m11:19:08.737999 [debug] [MainThread]: Command end result
[0m11:19:08.758709 [debug] [MainThread]: Wrote artifact WritableManifest to pipelines/target/manifest.json
[0m11:19:08.760202 [debug] [MainThread]: Wrote artifact SemanticManifest to pipelines/target/semantic_manifest.json
[0m11:19:08.762813 [debug] [MainThread]: Wrote artifact RunExecutionResult to pipelines/target/run_results.json
[0m11:19:08.763559 [debug] [MainThread]: Resource report: {"command_name": "compile", "command_success": true, "command_wall_clock_time": 1.1158105, "process_in_blocks": "28656", "process_kernel_time": 0.117127, "process_mem_max_rss": "122768", "process_out_blocks": "2648", "process_user_time": 1.949621}
[0m11:19:08.763932 [debug] [MainThread]: Command `dbt compile` succeeded at 11:19:08.763851 after 1.12 seconds
[0m11:19:08.764229 [debug] [MainThread]: Sending event: {'category': 'dbt', 'action': 'invocation', 'label': 'end', 'context': [<snowplow_tracker.self_describing_json.SelfDescribingJson object at 0x7ffb62e1f6b0>, <snowplow_tracker.self_describing_json.SelfDescribingJson object at 0x7ffb5e374d10>, <snowplow_tracker.self_describing_json.SelfDescribingJson object at 0x7ffb5e3751c0>]}
[0m11:19:08.764580 [debug] [MainThread]: Flushing usage events
[0m11:19:10.480202 [debug] [MainThread]: An error was encountered while trying to flush usage events
[0m11:23:39.622809 [debug] [MainThread]: Sending event: {'category': 'dbt', 'action': 'invocation', 'label': 'start', 'context': [<snowplow_tracker.self_describing_json.SelfDescribingJson object at 0x7fcfc45ff110>, <snowplow_tracker.self_describing_json.SelfDescribingJson object at 0x7fcfc2433500>, <snowplow_tracker.self_describing_json.SelfDescribingJson object at 0x7fcfc2498dd0>]}


============================== 11:23:39.626268 | bf8cc7fc-d3d6-44d3-b993-6ce9ef2af87f ==============================
[0m11:23:39.626268 [info ] [MainThread]: Running with dbt=1.9.4
[0m11:23:39.626767 [debug] [MainThread]: running dbt with arguments {'printer_width': '80', 'indirect_selection': 'eager', 'write_json': 'True', 'log_cache_events': 'False', 'partial_parse': 'True', 'cache_selected_only': 'False', 'warn_error': 'None', 'debug': 'False', 'profiles_dir': 'pipelines', 'log_path': 'pipelines/logs', 'fail_fast': 'False', 'version_check': 'True', 'use_colors': 'True', 'use_experimental_parser': 'False', 'empty': 'False', 'quiet': 'False', 'no_print': 'None', 'log_format': 'default', 'static_parser': 'True', 'introspect': 'True', 'warn_error_options': 'WarnErrorOptions(include=[], exclude=[])', 'target_path': 'None', 'invocation_command': 'dbt compile --project-dir pipelines --profiles-dir pipelines --target duckdb', 'send_anonymous_usage_stats': 'True'}
[0m11:23:39.821677 [debug] [MainThread]: Sending event: {'category': 'dbt', 'action': 'project_id', 'label': 'bf8cc7fc-d3d6-44d3-b993-6ce9ef2af87f', 'context': [<snowplow_tracker.self_describing_json.SelfDescribingJson object at 0x7fcfc397ce60>]}
[0m11:23:39.871875 [debug] [MainThread]: Sending event: {'category': 'dbt', 'action': 'adapter_info', 'label': 'bf8cc7fc-d3d6-44d3-b993-6ce9ef2af87f', 'context': [<snowplow_tracker.self_describing_json.SelfDescribingJson object at 0x7fcfc2187d10>]}
[0m11:23:39.876206 [info ] [MainThread]: Registered adapter: duckdb=1.9.3
[0m11:23:39.927344 [debug] [MainThread]: checksum: fab75582447898b67bf997c4a3f76de0dc9188a93d2bc94a7001d661abb02057, vars: {}, profile: , target: duckdb, version: 1.9.4
[0m11:23:40.003099 [debug] [MainThread]: Partial parsing enabled: 0 files deleted, 0 files added, 0 files changed.
[0m11:23:40.003490 [debug] [MainThread]: Partial parsing enabled, no changes found, skipping parsing
[0m11:23:40.008209 [debug] [MainThread]: Sending event: {'category': 'dbt', 'action': 'load_project', 'label': 'bf8cc7fc-d3d6-44d3-b993-6ce9ef2af87f', 'context': [<snowplow_tracker.self_describing_json.SelfDescribingJson object at 0x7fcfbe1d8620>]}
[0m11:23:40.043666 [debug] [MainThread]: Wrote artifact WritableManifest to pipelines/target/manifest.json
[0m11:23:40.045264 [debug] [MainThread]: Wrote artifact SemanticManifest to pipelines/target/semantic_manifest.json
[0m11:23:40.058341 [debug] [MainThread]: Sending event: {'category': 'dbt', 'action': 'resource_counts', 'label': 'bf8cc7fc-d3d6-44d3-b993-6ce9ef2af87f', 'context': [<snowplow_tracker.self_describing_json.SelfDescribingJson object at 0x7fcfbe133bf0>]}
[0m11:23:40.058851 [info ] [MainThread]: Found 428 macros
[0m11:23:40.059185 [debug] [MainThread]: Sending event: {'category': 'dbt', 'action': 'runnable_timing', 'label': 'bf8cc7fc-d3d6-44d3-b993-6ce9ef2af87f', 'context': [<snowplow_tracker.self_describing_json.SelfDescribingJson object at 0x7fcfbdcab2c0>]}
[0m11:23:40.060270 [warn ] [MainThread]: Nothing to do. Try checking your model configs and model specification args
[0m11:23:40.061915 [debug] [MainThread]: Command end result
[0m11:23:40.079030 [debug] [MainThread]: Wrote artifact WritableManifest to pipelines/target/manifest.json
[0m11:23:40.081347 [debug] [MainThread]: Wrote artifact SemanticManifest to pipelines/target/semantic_manifest.json
[0m11:23:40.084425 [debug] [MainThread]: Wrote artifact RunExecutionResult to pipelines/target/run_results.json
[0m11:23:40.085944 [debug] [MainThread]: Resource report: {"command_name": "compile", "command_success": true, "command_wall_clock_time": 0.5105183, "process_in_blocks": "31672", "process_kernel_time": 0.15554, "process_mem_max_rss": "115688", "process_out_blocks": "1704", "process_user_time": 1.487352}
[0m11:23:40.086388 [debug] [MainThread]: Command `dbt compile` succeeded at 11:23:40.086296 after 0.51 seconds
[0m11:23:40.086723 [debug] [MainThread]: Sending event: {'category': 'dbt', 'action': 'invocation', 'label': 'end', 'context': [<snowplow_tracker.self_describing_json.SelfDescribingJson object at 0x7fcfc40029f0>, <snowplow_tracker.self_describing_json.SelfDescribingJson object at 0x7fcfc1f33140>, <snowplow_tracker.self_describing_json.SelfDescribingJson object at 0x7fcfc37ac800>]}
[0m11:23:40.087045 [debug] [MainThread]: Flushing usage events
[0m11:23:41.916257 [debug] [MainThread]: An error was encountered while trying to flush usage events
